Using pre-set license
Built from '2020.3/staging' branch; Version is '2020.3.14f1 (d0d1bb862f9d) revision 13685179'; Using compiler version '192528614'; Build Type 'Release'
OS: 'Windows 10 Home Single Language; OS build 19042.1110; Version 2009; 64bit' Language: 'ru' Physical Memory: 16281 MB
BatchMode: 1, IsHumanControllingUs: 0, StartBugReporterOnCrash: 0, Is64bit: 1, IsPro: 0

 COMMAND LINE ARGUMENTS:
F:\Unity\2020.3.14f1\Editor\Unity.exe
-adb2
-batchMode
-noUpm
-name
AssetImportWorker0
-projectPath
E:/Unity/School king!
-logFile
Logs/AssetImportWorker0.log
-srvPort
60944
Successfully changed project path to: E:/Unity/School king!
E:/Unity/School king!
Using Asset Import Pipeline V2.
Refreshing native plugins compatible for Editor in 35.17 ms, found 2 plugins.
Preloading 0 native plugins for Editor in 0.00 ms.
Initialize engine version: 2020.3.14f1 (d0d1bb862f9d)
[Subsystems] Discovering subsystems at path F:/Unity/2020.3.14f1/Editor/Data/Resources/UnitySubsystems
[Subsystems] Discovering subsystems at path E:/Unity/School king!/Assets
GfxDevice: creating device client; threaded=0
Direct3D:
    Version:  Direct3D 11.0 [level 11.1]
    Renderer: Radeon (TM) 530 (ID=0x6900)
    Vendor:   
    VRAM:     4086 MB
    Driver:   26.20.15029.27017
Initialize mono
Mono path[0] = 'F:/Unity/2020.3.14f1/Editor/Data/Managed'
Mono path[1] = 'F:/Unity/2020.3.14f1/Editor/Data/MonoBleedingEdge/lib/mono/unityjit'
Mono config path = 'F:/Unity/2020.3.14f1/Editor/Data/MonoBleedingEdge/etc'
Using monoOptions --debugger-agent=transport=dt_socket,embedding=1,server=y,suspend=n,address=127.0.0.1:56408
Begin MonoManager ReloadAssembly
Registering precompiled unity dll's ...
Register platform support module: F:/Unity/2020.3.14f1/Editor/Data/PlaybackEngines/WindowsStandaloneSupport/UnityEditor.WindowsStandalone.Extensions.dll
Registered in 0.001360 seconds.
Native extension for WindowsStandalone target not found
Refreshing native plugins compatible for Editor in 29.96 ms, found 2 plugins.
Preloading 0 native plugins for Editor in 0.00 ms.
Mono: successfully reloaded assembly
- Completed reload, in  1.481 seconds
Domain Reload Profiling:
	ReloadAssembly (1481ms)
		BeginReloadAssembly (51ms)
			ExecutionOrderSort (0ms)
			DisableScriptedObjects (0ms)
			BackupInstance (0ms)
			ReleaseScriptingObjects (0ms)
			CreateAndSetChildDomain (1ms)
		EndReloadAssembly (401ms)
			LoadAssemblies (50ms)
			RebuildTransferFunctionScriptingTraits (0ms)
			SetupTypeCache (160ms)
			ReleaseScriptCaches (0ms)
			RebuildScriptCaches (32ms)
			SetupLoadedEditorAssemblies (146ms)
				LogAssemblyErrors (0ms)
				InitializePlatformSupportModulesInManaged (4ms)
				SetLoadedEditorAssemblies (0ms)
				RefreshPlugins (30ms)
				BeforeProcessingInitializeOnLoad (6ms)
				ProcessInitializeOnLoadAttributes (80ms)
				ProcessInitializeOnLoadMethodAttributes (26ms)
				AfterProcessingInitializeOnLoad (0ms)
				EditorAssembliesLoaded (0ms)
			ExecutionOrderSort2 (0ms)
			AwakeInstancesAfterBackupRestoration (0ms)
Platform modules already initialized, skipping
Registering precompiled user dll's ...
Registered in 0.002718 seconds.
Begin MonoManager ReloadAssembly
Native extension for WindowsStandalone target not found
Refreshing native plugins compatible for Editor in 0.38 ms, found 2 plugins.
Preloading 0 native plugins for Editor in 0.00 ms.
Mono: successfully reloaded assembly
- Completed reload, in  0.980 seconds
Domain Reload Profiling:
	ReloadAssembly (980ms)
		BeginReloadAssembly (148ms)
			ExecutionOrderSort (0ms)
			DisableScriptedObjects (4ms)
			BackupInstance (0ms)
			ReleaseScriptingObjects (0ms)
			CreateAndSetChildDomain (18ms)
		EndReloadAssembly (775ms)
			LoadAssemblies (81ms)
			RebuildTransferFunctionScriptingTraits (0ms)
			SetupTypeCache (274ms)
			ReleaseScriptCaches (0ms)
			RebuildScriptCaches (43ms)
			SetupLoadedEditorAssemblies (285ms)
				LogAssemblyErrors (0ms)
				InitializePlatformSupportModulesInManaged (5ms)
				SetLoadedEditorAssemblies (0ms)
				RefreshPlugins (0ms)
				BeforeProcessingInitializeOnLoad (47ms)
				ProcessInitializeOnLoadAttributes (225ms)
				ProcessInitializeOnLoadMethodAttributes (4ms)
				AfterProcessingInitializeOnLoad (2ms)
				EditorAssembliesLoaded (0ms)
			ExecutionOrderSort2 (0ms)
			AwakeInstancesAfterBackupRestoration (6ms)
Platform modules already initialized, skipping
========================================================================
Worker process is ready to serve import requests
Launched and connected shader compiler UnityShaderCompiler.exe after 0.04 seconds
Refreshing native plugins compatible for Editor in 0.46 ms, found 2 plugins.
Preloading 0 native plugins for Editor in 0.00 ms.
Unloading 1526 Unused Serialized files (Serialized files now loaded: 0)
System memory in use before: 106.1 MB.
System memory in use after: 101.6 MB.

Unloading 31 unused Assets to reduce memory usage. Loaded Objects now: 1949.
Total: 4.704300 ms (FindLiveObjects: 0.175600 ms CreateObjectMapping: 0.044500 ms MarkObjects: 2.302900 ms  DeleteObjects: 2.180600 ms)

AssetImportParameters requested are different than current active one (requested -> active):
  custom:framework-win-MediaFoundation: 216162199b28c13a410421893ffa2e32 -> 
  custom:video-decoder-ogg-theora: a1e56fd34408186e4bbccfd4996cb3dc -> 
  custom:container-muxer-webm: aa71ff27fc2769a1b78a27578f13a17b -> 
  custom:container-demuxer-webm: 4f35f7cbe854078d1ac9338744f61a02 -> 
  custom:container-demuxer-ogg: 62fdf1f143b41e24485cea50d1cbac27 -> 
  custom:video-encoder-webm-vp8: eb34c28f22e8b96e1ab97ce403110664 -> 
  custom:video-decoder-webm-vp8: 9c59270c3fd7afecdb556c50c9e8de78 -> 
  custom:audio-decoder-ogg-vorbis: bf7c407c2cedff20999df2af8eb42d56 -> 
  custom:audio-encoder-webm-vorbis: bf7c407c2cedff20999df2af8eb42d56 -> 
========================================================================
Received Import Request.
  path: Assets/Desk.fbx
  artifactKey: Guid(b651b75395ef5f341b0e074cd3360934) Importer(815301076,1909f56bfc062723c751e8b465ee728b)
Start importing Assets/Desk.fbx using Guid(b651b75395ef5f341b0e074cd3360934) Importer(815301076,1909f56bfc062723c751e8b465ee728b)  -> (artifact id: 'fea276ae736fb8d145be7a69566ef231') in 0.509828 seconds 
  Import took 0.512292 seconds .

========================================================================
Received Import Request.
  Time since last request: 86.982945 seconds.
  path: Assets/Desck
  artifactKey: Guid(ae6d4589be5a0164c9a9d7e61a9488c7) Importer(815301076,1909f56bfc062723c751e8b465ee728b)
Start importing Assets/Desck using Guid(ae6d4589be5a0164c9a9d7e61a9488c7) Importer(815301076,1909f56bfc062723c751e8b465ee728b)  -> (artifact id: '8cdff77d592c192e77193134992f4b0d') in 0.007460 seconds 
  Import took 0.010827 seconds .

========================================================================
Received Import Request.
  Time since last request: 8.164094 seconds.
  path: Assets/Desk
  artifactKey: Guid(ae6d4589be5a0164c9a9d7e61a9488c7) Importer(815301076,1909f56bfc062723c751e8b465ee728b)
Start importing Assets/Desk using Guid(ae6d4589be5a0164c9a9d7e61a9488c7) Importer(815301076,1909f56bfc062723c751e8b465ee728b)  -> (artifact id: '38c576ce4121bcc920236b4f410748c5') in 0.001519 seconds 
  Import took 0.004198 seconds .

========================================================================
Received Import Request.
  Time since last request: 7.852687 seconds.
  path: Assets/Desk/TackBoard_Alpha.jpg
  artifactKey: Guid(3750c8f8667ef144d8efe9e371d4db88) Importer(815301076,1909f56bfc062723c751e8b465ee728b)
Start importing Assets/Desk/TackBoard_Alpha.jpg using Guid(3750c8f8667ef144d8efe9e371d4db88) Importer(815301076,1909f56bfc062723c751e8b465ee728b)  -> (artifact id: '62dc7e0b2ea5b4f7ed71f3d409f86802') in 0.133652 seconds 
  Import took 0.136213 seconds .

========================================================================
Received Import Request.
  Time since last request: 0.000262 seconds.
  path: Assets/Desk/TackBoard_Diffuse.png
  artifactKey: Guid(a5c54270df4b3a74c89c77032edd5fd7) Importer(815301076,1909f56bfc062723c751e8b465ee728b)
Start importing Assets/Desk/TackBoard_Diffuse.png using Guid(a5c54270df4b3a74c89c77032edd5fd7) Importer(815301076,1909f56bfc062723c751e8b465ee728b)  -> (artifact id: '35656abb60debafb9683b6f2b3679ecc') in 0.022461 seconds 
  Import took 0.026879 seconds .

========================================================================
Received Import Request.
  Time since last request: 0.000269 seconds.
  path: Assets/Desk/TackBoard_Roughness.png
  artifactKey: Guid(f8ab891bba4f67e4f8d5106cfd57f89f) Importer(815301076,1909f56bfc062723c751e8b465ee728b)
Start importing Assets/Desk/TackBoard_Roughness.png using Guid(f8ab891bba4f67e4f8d5106cfd57f89f) Importer(815301076,1909f56bfc062723c751e8b465ee728b)  -> (artifact id: 'ffefc2663daf9199ae136a814bfa46ba') in 0.027460 seconds 
  Import took 0.032148 seconds .

========================================================================
Received Import Request.
  Time since last request: 40.152966 seconds.
  path: Assets/Desk/New Material.mat
  artifactKey: Guid(d3cb076466bdcbb42b28a5d543d9f619) Importer(815301076,1909f56bfc062723c751e8b465ee728b)
Start importing Assets/Desk/New Material.mat using Guid(d3cb076466bdcbb42b28a5d543d9f619) Importer(815301076,1909f56bfc062723c751e8b465ee728b)  -> (artifact id: '5365ec4cc70ded865ef24051ef222a4f') in 0.026703 seconds 
  Import took 0.029404 seconds .

========================================================================
Received Import Request.
  Time since last request: 26.422233 seconds.
  path: Assets/Desk/New Material 1.mat
  artifactKey: Guid(f585582e24876104ba96cc0b2d39748f) Importer(815301076,1909f56bfc062723c751e8b465ee728b)
Start importing Assets/Desk/New Material 1.mat using Guid(f585582e24876104ba96cc0b2d39748f) Importer(815301076,1909f56bfc062723c751e8b465ee728b)  -> (artifact id: '9aa88dd9429a79f6238a6b8bbe5e77a3') in 0.014159 seconds 
  Import took 0.016837 seconds .

========================================================================
Received Import Request.
  Time since last request: 29.317544 seconds.
  path: Assets/Desk/New Material 2.mat
  artifactKey: Guid(99b4591bcb17f064896d7ea5998333e9) Importer(815301076,1909f56bfc062723c751e8b465ee728b)
Start importing Assets/Desk/New Material 2.mat using Guid(99b4591bcb17f064896d7ea5998333e9) Importer(815301076,1909f56bfc062723c751e8b465ee728b)  -> (artifact id: '82756c655ef0c2e234df01c3fc3f50ff') in 0.025256 seconds 
  Import took 0.028559 seconds .

